{"uuid":"1d91d33a-f162-4cd4-a0c5-271766c34a88","historyId":"5e487a6a763b3a0fa9ec3990b36e69e2","fullName":"com.qa.AD_ID.tests.LabelsAndTagsConfiguration.labelsAndTagsConfiguration","labels":[{"name":"package","value":"com.qa.AD_ID.tests.LabelsAndTagsConfiguration"},{"name":"testClass","value":"com.qa.AD_ID.tests.LabelsAndTagsConfiguration"},{"name":"testMethod","value":"labelsAndTagsConfiguration"},{"name":"parentSuite","value":"Opencart App Test Regression Suite"},{"name":"suite","value":"Customer Order"},{"name":"subSuite","value":"com.qa.AD_ID.tests.LabelsAndTagsConfiguration"},{"name":"host","value":"Argano-9P32ZP3"},{"name":"thread","value":"20356@Argano-9P32ZP3.TestNG-tests-1(25)"},{"name":"framework","value":"testng"},{"name":"language","value":"java"}],"links":[],"name":"labelsAndTagsConfiguration","status":"broken","statusDetails":{"known":false,"muted":false,"flaky":false,"message":"Expected condition failed: ----time out is done...element is not found...By.xpath: //div[@aria-labelledby='configure-label|label'] (tried for 20 second(s) with 2000 milliseconds interval)","trace":"org.openqa.selenium.TimeoutException: Expected condition failed: ----time out is done...element is not found...By.xpath: //div[@aria-labelledby='configure-label|label'] (tried for 20 second(s) with 2000 milliseconds interval)\r\n\tat org.openqa.selenium.support.ui.WebDriverWait.timeoutException(WebDriverWait.java:84)\r\n\tat org.openqa.selenium.support.ui.FluentWait.until(FluentWait.java:230)\r\n\tat com.qa.AD_ID.utils.ElementUtil.waitForElementAndClick(ElementUtil.java:615)\r\n\tat com.qa.AD_ID.pages.CPQPage.modelConfiguration(CPQPage.java:67)\r\n\tat com.qa.AD_ID.tests.LabelsAndTagsConfiguration.labelsAndTagsConfiguration(LabelsAndTagsConfiguration.java:25)\r\n\tat java.base/jdk.internal.reflect.NativeMethodAccessorImpl.invoke0(Native Method)\r\n\tat java.base/jdk.internal.reflect.NativeMethodAccessorImpl.invoke(NativeMethodAccessorImpl.java:77)\r\n\tat java.base/jdk.internal.reflect.DelegatingMethodAccessorImpl.invoke(DelegatingMethodAccessorImpl.java:43)\r\n\tat java.base/java.lang.reflect.Method.invoke(Method.java:568)\r\n\tat org.testng.internal.MethodInvocationHelper.invokeMethod(MethodInvocationHelper.java:133)\r\n\tat org.testng.internal.TestInvoker.invokeMethod(TestInvoker.java:598)\r\n\tat org.testng.internal.TestInvoker.invokeTestMethod(TestInvoker.java:173)\r\n\tat org.testng.internal.MethodRunner.runInSequence(MethodRunner.java:46)\r\n\tat org.testng.internal.TestInvoker$MethodInvocationAgent.invoke(TestInvoker.java:824)\r\n\tat org.testng.internal.TestInvoker.invokeTestMethods(TestInvoker.java:146)\r\n\tat org.testng.internal.TestMethodWorker.invokeTestMethods(TestMethodWorker.java:146)\r\n\tat org.testng.internal.TestMethodWorker.run(TestMethodWorker.java:128)\r\n\tat java.base/java.util.ArrayList.forEach(ArrayList.java:1511)\r\n\tat org.testng.TestRunner.privateRun(TestRunner.java:794)\r\n\tat org.testng.TestRunner.run(TestRunner.java:596)\r\n\tat org.testng.SuiteRunner.runTest(SuiteRunner.java:377)\r\n\tat org.testng.SuiteRunner.access$000(SuiteRunner.java:28)\r\n\tat org.testng.SuiteRunner$SuiteWorker.run(SuiteRunner.java:418)\r\n\tat org.testng.internal.thread.ThreadUtil.lambda$execute$0(ThreadUtil.java:64)\r\n\tat java.base/java.util.concurrent.FutureTask.run(FutureTask.java:264)\r\n\tat java.base/java.util.concurrent.ThreadPoolExecutor.runWorker(ThreadPoolExecutor.java:1136)\r\n\tat java.base/java.util.concurrent.ThreadPoolExecutor$Worker.run(ThreadPoolExecutor.java:635)\r\n\tat java.base/java.lang.Thread.run(Thread.java:833)\r\nCaused by: org.openqa.selenium.NoSuchElementException: no such element: Unable to locate element: {\"method\":\"xpath\",\"selector\":\"//div[@aria-labelledby='configure-label|label']\"}\n  (Session info: chrome=117.0.5938.92)\nFor documentation on this error, please visit: https://www.selenium.dev/documentation/webdriver/troubleshooting/errors#no-such-element-exception\nBuild info: version: '4.11.0', revision: '040bc5406b'\nSystem info: os.name: 'Windows 10', os.arch: 'amd64', os.version: '10.0', java.version: '17.0.3'\nDriver info: org.openqa.selenium.chrome.ChromeDriver\nCommand: [badb419dda48d6983bbf7e67b8b852b8, findElement {using=xpath, value=//div[@aria-labelledby='configure-label|label']}]\nCapabilities {acceptInsecureCerts: false, browserName: chrome, browserVersion: 117.0.5938.92, chrome: {chromedriverVersion: 117.0.5938.92 (67649b10b92b..., userDataDir: C:\\Users\\VENKAT~1\\AppData\\L...}, fedcm:accounts: true, goog:chromeOptions: {debuggerAddress: localhost:51677}, networkConnectionEnabled: false, pageLoadStrategy: normal, platformName: windows, proxy: Proxy(), se:cdp: ws://localhost:51677/devtoo..., se:cdpVersion: 117.0.5938.92, setWindowRect: true, strictFileInteractability: false, timeouts: {implicit: 0, pageLoad: 300000, script: 30000}, unhandledPromptBehavior: dismiss and notify, webauthn:extension:credBlob: true, webauthn:extension:largeBlob: true, webauthn:extension:minPinLength: true, webauthn:extension:prf: true, webauthn:virtualAuthenticators: true}\nSession ID: badb419dda48d6983bbf7e67b8b852b8\r\n\tat jdk.internal.reflect.GeneratedConstructorAccessor11.newInstance(Unknown Source)\r\n\tat java.base/jdk.internal.reflect.DelegatingConstructorAccessorImpl.newInstance(DelegatingConstructorAccessorImpl.java:45)\r\n\tat java.base/java.lang.reflect.Constructor.newInstanceWithCaller(Constructor.java:499)\r\n\tat java.base/java.lang.reflect.Constructor.newInstance(Constructor.java:480)\r\n\tat org.openqa.selenium.remote.codec.w3c.W3CHttpResponseCodec.createException(W3CHttpResponseCodec.java:200)\r\n\tat org.openqa.selenium.remote.codec.w3c.W3CHttpResponseCodec.decode(W3CHttpResponseCodec.java:133)\r\n\tat org.openqa.selenium.remote.codec.w3c.W3CHttpResponseCodec.decode(W3CHttpResponseCodec.java:52)\r\n\tat org.openqa.selenium.remote.HttpCommandExecutor.execute(HttpCommandExecutor.java:191)\r\n\tat org.openqa.selenium.remote.service.DriverCommandExecutor.invokeExecute(DriverCommandExecutor.java:196)\r\n\tat org.openqa.selenium.remote.service.DriverCommandExecutor.execute(DriverCommandExecutor.java:171)\r\n\tat org.openqa.selenium.remote.RemoteWebDriver.execute(RemoteWebDriver.java:518)\r\n\tat org.openqa.selenium.remote.ElementLocation$ElementFinder$2.findElement(ElementLocation.java:165)\r\n\tat org.openqa.selenium.remote.ElementLocation.findElement(ElementLocation.java:59)\r\n\tat org.openqa.selenium.remote.RemoteWebDriver.findElement(RemoteWebDriver.java:355)\r\n\tat org.openqa.selenium.remote.RemoteWebDriver.findElement(RemoteWebDriver.java:349)\r\n\tat org.openqa.selenium.support.ui.ExpectedConditions$6.apply(ExpectedConditions.java:171)\r\n\tat org.openqa.selenium.support.ui.ExpectedConditions$6.apply(ExpectedConditions.java:168)\r\n\tat org.openqa.selenium.support.ui.FluentWait.until(FluentWait.java:205)\r\n\t... 26 more\r\n"},"stage":"finished","steps":[{"name":"Gettting element for locator : By.id: log_in","status":"passed","stage":"finished","steps":[],"attachments":[],"parameters":[{"name":"locator","value":"By.id: log_in"}],"start":1695648283238,"stop":1695648283574},{"name":"Login to application username : ravikumar.vidhani@ap.averydennison.com and password : Default*123","status":"passed","stage":"finished","steps":[{"name":"Gettting element for locator : By.id: btnActive","status":"passed","stage":"finished","steps":[],"attachments":[],"parameters":[{"name":"locator","value":"By.id: btnActive"}],"start":1695648298113,"stop":1695648298477}],"attachments":[],"parameters":[{"name":"username","value":"ravikumar.vidhani@ap.averydennison.com"},{"name":"pwd","value":"Default*123"},{"name":"url","value":"https://erjp-dev3.fa.us2.oraclecloud.com/fscmUI/faces/AtkHomePageWelcome"}],"start":1695648291503,"stop":1695648304692},{"name":"Navigating to Quote","status":"passed","stage":"finished","steps":[{"name":"Gettting element for locator : By.id: pt1:_UISmmLink::icon","status":"passed","stage":"finished","steps":[],"attachments":[],"parameters":[{"name":"locator","value":"By.id: pt1:_UISmmLink::icon"}],"start":1695648314213,"stop":1695648314900}],"attachments":[],"parameters":[],"start":1695648304692,"stop":1695648358451}],"attachments":[{"name":"Page screenshot","source":"26fd8802-8772-4097-a3f8-bd83da1746c9-attachment","type":"image/png"},{"name":"labelsAndTagsConfiguration failed and screenshot taken!","source":"efacd09b-641e-499b-8490-202153c13fd1-attachment","type":"text/plain"}],"parameters":[{"name":"browser","value":"chrome"}],"start":1695648281634,"stop":1695648448561}